[debug] [2023-04-27T03:06:13.252Z] ----------------------------------------------------------------------
[debug] [2023-04-27T03:06:13.255Z] Command:       C:\Program Files\nodejs\node.exe C:\Users\Owner\AppData\Roaming\npm\node_modules\firebase-tools\lib\bin\firebase.js init hosting
[debug] [2023-04-27T03:06:13.255Z] CLI Version:   11.29.1
[debug] [2023-04-27T03:06:13.255Z] Platform:      win32
[debug] [2023-04-27T03:06:13.255Z] Node Version:  v16.15.0
[debug] [2023-04-27T03:06:13.261Z] Time:          Thu Apr 27 2023 04:06:13 GMT+0100 (West Africa Standard Time)
[debug] [2023-04-27T03:06:13.261Z] ----------------------------------------------------------------------
[debug] 
[debug] [2023-04-27T03:06:13.265Z] >>> [apiv2][query] GET https://firebase-public.firebaseio.com/cli.json [none]
[debug] [2023-04-27T03:06:13.367Z] > command requires scopes: ["email","openid","https://www.googleapis.com/auth/cloudplatformprojects.readonly","https://www.googleapis.com/auth/firebase","https://www.googleapis.com/auth/cloud-platform"]
[debug] [2023-04-27T03:06:13.368Z] > authorizing via signed-in user (orjimodestus@gmail.com)
[info] 
     ######## #### ########  ######## ########     ###     ######  ########
     ##        ##  ##     ## ##       ##     ##  ##   ##  ##       ##
     ######    ##  ########  ######   ########  #########  ######  ######
     ##        ##  ##    ##  ##       ##     ## ##     ##       ## ##
     ##       #### ##     ## ######## ########  ##     ##  ######  ########

You're about to initialize a Firebase project in this directory:

  C:\Users\Owner\Documents\REACTJS\reactprojects\streamdot\stream-dot

Before we get started, keep in mind:

  * You are initializing within an existing Firebase project directory

[debug] [2023-04-27T03:06:14.283Z] <<< [apiv2][status] GET https://firebase-public.firebaseio.com/cli.json 200
[debug] [2023-04-27T03:06:14.284Z] <<< [apiv2][body] GET https://firebase-public.firebaseio.com/cli.json {"cloudBuildErrorAfter":1594252800000,"cloudBuildWarnAfter":1590019200000,"defaultNode10After":1594252800000,"minVersion":"3.0.5","node8DeploysDisabledAfter":1613390400000,"node8RuntimeDisabledAfter":1615809600000,"node8WarnAfter":1600128000000}
[info] 
=== Project Setup
[info] 
[info] First, let's associate this project directory with a Firebase project.
[info] You can create multiple project aliases by running firebase use --add, 
[info] but for now we'll just set up a default project.
[info] 
[debug] [2023-04-27T03:06:25.451Z] Using project from CLI flag: streamdot-83e98
[debug] [2023-04-27T03:06:25.453Z] > refreshing access token with scopes: []
[debug] [2023-04-27T03:06:25.455Z] >>> [apiv2][query] POST https://www.googleapis.com/oauth2/v3/token [none]
[debug] [2023-04-27T03:06:25.456Z] >>> [apiv2][body] POST https://www.googleapis.com/oauth2/v3/token [omitted]
[debug] [2023-04-27T03:06:26.152Z] <<< [apiv2][status] POST https://www.googleapis.com/oauth2/v3/token 200
[debug] [2023-04-27T03:06:26.153Z] <<< [apiv2][body] POST https://www.googleapis.com/oauth2/v3/token [omitted]
[debug] [2023-04-27T03:06:26.177Z] >>> [apiv2][query] GET https://firebase.googleapis.com/v1beta1/projects/streamdot-83e98 [none]
[debug] [2023-04-27T03:06:27.109Z] <<< [apiv2][status] GET https://firebase.googleapis.com/v1beta1/projects/streamdot-83e98 403
[debug] [2023-04-27T03:06:27.110Z] <<< [apiv2][body] GET https://firebase.googleapis.com/v1beta1/projects/streamdot-83e98 {"error":{"code":403,"message":"The caller does not have permission","status":"PERMISSION_DENIED"}}
[debug] [2023-04-27T03:06:27.110Z] HTTP Error: 403, The caller does not have permission
[debug] [2023-04-27T03:06:27.755Z] FirebaseError: HTTP Error: 403, The caller does not have permission
    at responseToError (C:\Users\Owner\AppData\Roaming\npm\node_modules\firebase-tools\lib\responseToError.js:49:12)
    at RetryOperation._fn (C:\Users\Owner\AppData\Roaming\npm\node_modules\firebase-tools\lib\apiv2.js:288:77)
    at processTicksAndRejections (node:internal/process/task_queues:96:5)
[error] 
[error] Error: Failed to get Firebase project streamdot-83e98. Please make sure the project exists and your account has permission to access it.
